  Test.cpp
C:\Users\Lenovo\Documents\GitHub\cplusplus\pr-09Solution\pr-09\StackOnList.h(139,1): warning C4521: "stackInList<char>": заданы несколько конструкторов копий
C:\Users\Lenovo\Documents\GitHub\cplusplus\pr-09Solution\pr-09\ReversePolish.h(38): message : выполняется компиляция ссылки на экземпляр класс шаблон функции "stackInList<char>"
C:\Users\Lenovo\Documents\GitHub\cplusplus\pr-09Solution\pr-09\StackOnList.h(139,1): warning C4522: stackInList<char>: заданы несколько операторов присваивания
C:\Users\Lenovo\Documents\GitHub\cplusplus\pr-09Solution\pr-09\ReversePolish.h(39,21): warning C4018: <: несоответствие типов со знаком и без знака
C:\Users\Lenovo\Documents\GitHub\cplusplus\pr-09Solution\pr-09\ReversePolish.h(76,12): warning C4018: <: несоответствие типов со знаком и без знака
C:\Users\Lenovo\Documents\GitHub\cplusplus\pr-09Solution\pr-09\StackOnList.h(139,1): warning C4521: "stackInList<std::string>": заданы несколько конструкторов копий
C:\Users\Lenovo\Documents\GitHub\cplusplus\pr-09Solution\pr-09\ReversePolish.h(86): message : выполняется компиляция ссылки на экземпляр класс шаблон функции "stackInList<std::string>"
C:\Users\Lenovo\Documents\GitHub\cplusplus\pr-09Solution\pr-09\StackOnList.h(139,1): warning C4522: stackInList<std::string>: заданы несколько операторов присваивания
C:\Users\Lenovo\Documents\GitHub\cplusplus\pr-09Solution\pr-09\ReversePolish.h(88,21): warning C4018: <: несоответствие типов со знаком и без знака
C:\Users\Lenovo\Documents\GitHub\cplusplus\pr-09Solution\pr-09\Calcule.h(20,21): warning C4018: <: несоответствие типов со знаком и без знака
C:\Users\Lenovo\Documents\GitHub\cplusplus\pr-09Solution\pr-09\Calcule.h(57,12): warning C4018: <: несоответствие типов со знаком и без знака
C:\Users\Lenovo\Documents\GitHub\cplusplus\pr-09Solution\pr-09\Calcule.h(69,21): warning C4018: <: несоответствие типов со знаком и без знака
C:\Users\Lenovo\Documents\GitHub\cplusplus\pr-09Solution\pr-09\ReversePolish.h(20): warning C4715: priority: значение возвращается не при всех путях выполнения
C:\Users\Lenovo\Documents\GitHub\cplusplus\pr-09Solution\pr-09\ReversePolish.h(34): warning C4715: Calc: значение возвращается не при всех путях выполнения
C:\Users\Lenovo\Documents\GitHub\cplusplus\pr-09Solution\pr-09\Calcule.h(14): warning C4715: priority_f: значение возвращается не при всех путях выполнения
Test.obj : error LNK2005: "double __cdecl Calc(double,double,class std::basic_string<char,struct std::char_traits<char>,class std::allocator<char> >)" (?Calc@@YANNNV?$basic_string@DU?$char_traits@D@std@@V?$allocator@D@2@@std@@@Z) уже определен в Main.obj
Test.obj : error LNK2005: "int __cdecl CalculateForm(class std::vector<class std::basic_string<char,struct std::char_traits<char>,class std::allocator<char> >,class std::allocator<class std::basic_string<char,struct std::char_traits<char>,class std::allocator<char> > > >)" (?CalculateForm@@YAHV?$vector@V?$basic_string@DU?$char_traits@D@std@@V?$allocator@D@2@@std@@V?$allocator@V?$basic_string@DU?$char_traits@D@std@@V?$allocator@D@2@@std@@@2@@std@@@Z) уже определен в Main.obj
Test.obj : error LNK2005: "double __cdecl CalculateReversePolish(class std::vector<class std::basic_string<char,struct std::char_traits<char>,class std::allocator<char> >,class std::allocator<class std::basic_string<char,struct std::char_traits<char>,class std::allocator<char> > > >)" (?CalculateReversePolish@@YANV?$vector@V?$basic_string@DU?$char_traits@D@std@@V?$allocator@D@2@@std@@V?$allocator@V?$basic_string@DU?$char_traits@D@std@@V?$allocator@D@2@@std@@@2@@std@@@Z) уже определен в Main.obj
Test.obj : error LNK2005: "class std::vector<class std::basic_string<char,struct std::char_traits<char>,class std::allocator<char> >,class std::allocator<class std::basic_string<char,struct std::char_traits<char>,class std::allocator<char> > > > __cdecl ToReversePolish(class std::basic_string<char,struct std::char_traits<char>,class std::allocator<char> >)" (?ToReversePolish@@YA?AV?$vector@V?$basic_string@DU?$char_traits@D@std@@V?$allocator@D@2@@std@@V?$allocator@V?$basic_string@DU?$char_traits@D@std@@V?$allocator@D@2@@std@@@2@@std@@V?$basic_string@DU?$char_traits@D@std@@V?$allocator@D@2@@2@@Z) уже определен в Main.obj
Test.obj : error LNK2005: "class std::vector<class std::basic_string<char,struct std::char_traits<char>,class std::allocator<char> >,class std::allocator<class std::basic_string<char,struct std::char_traits<char>,class std::allocator<char> > > > __cdecl ToReversePolishForm(void)" (?ToReversePolishForm@@YA?AV?$vector@V?$basic_string@DU?$char_traits@D@std@@V?$allocator@D@2@@std@@V?$allocator@V?$basic_string@DU?$char_traits@D@std@@V?$allocator@D@2@@std@@@2@@std@@XZ) уже определен в Main.obj
Test.obj : error LNK2005: "int __cdecl priority(char)" (?priority@@YAHD@Z) уже определен в Main.obj
Test.obj : error LNK2005: "int __cdecl priority_f(class std::basic_string<char,struct std::char_traits<char>,class std::allocator<char> >)" (?priority_f@@YAHV?$basic_string@DU?$char_traits@D@std@@V?$allocator@D@2@@std@@@Z) уже определен в Main.obj
Test.obj : error LNK2019: ссылка на неразрешенный внешний символ "bool __cdecl testing::internal::IsTrue(bool)" (?IsTrue@internal@testing@@YA_N_N@Z) в функции "public: static void (__cdecl*__cdecl testing::internal::SuiteApiResolver<class testing::Test>::GetSetUpCaseOrSuite(char const *,int))(void)" (?GetSetUpCaseOrSuite@?$SuiteApiResolver@VTest@testing@@@internal@testing@@SAP6AXXZPBDH@Z)
Test.obj : error LNK2019: ссылка на неразрешенный внешний символ "public: __thiscall testing::internal::GTestLog::GTestLog(enum testing::internal::GTestLogSeverity,char const *,int)" (??0GTestLog@internal@testing@@QAE@W4GTestLogSeverity@12@PBDH@Z) в функции "public: static void (__cdecl*__cdecl testing::internal::SuiteApiResolver<class testing::Test>::GetSetUpCaseOrSuite(char const *,int))(void)" (?GetSetUpCaseOrSuite@?$SuiteApiResolver@VTest@testing@@@internal@testing@@SAP6AXXZPBDH@Z)
Test.obj : error LNK2019: ссылка на неразрешенный внешний символ "public: __thiscall testing::internal::GTestLog::~GTestLog(void)" (??1GTestLog@internal@testing@@QAE@XZ) в функции "public: static void (__cdecl*__cdecl testing::internal::SuiteApiResolver<class testing::Test>::GetSetUpCaseOrSuite(char const *,int))(void)" (?GetSetUpCaseOrSuite@?$SuiteApiResolver@VTest@testing@@@internal@testing@@SAP6AXXZPBDH@Z)
Test.obj : error LNK2019: ссылка на неразрешенный внешний символ "public: __thiscall testing::Message::Message(void)" (??0Message@testing@@QAE@XZ) в функции "private: virtual void __thiscall TestCaseName_FirstTest_Test::TestBody(void)" (?TestBody@TestCaseName_FirstTest_Test@@EAEXXZ)
Test.obj : error LNK2019: ссылка на неразрешенный внешний символ "class testing::AssertionResult __cdecl testing::internal::EqFailure(char const *,char const *,class std::basic_string<char,struct std::char_traits<char>,class std::allocator<char> > const &,class std::basic_string<char,struct std::char_traits<char>,class std::allocator<char> > const &,bool)" (?EqFailure@internal@testing@@YA?AVAssertionResult@2@PBD0ABV?$basic_string@DU?$char_traits@D@std@@V?$allocator@D@2@@std@@1_N@Z) в функции "class testing::AssertionResult __cdecl testing::internal::CmpHelperEQFailure<double,double>(char const *,char const *,double const &,double const &)" (??$CmpHelperEQFailure@NN@internal@testing@@YA?AVAssertionResult@1@PBD0ABN1@Z)
Test.obj : error LNK2019: ссылка на неразрешенный внешний символ "void const * __cdecl testing::internal::GetTestTypeId(void)" (?GetTestTypeId@internal@testing@@YAPBXXZ) в функции "void __cdecl `dynamic initializer for 'private: static class testing::TestInfo * TestCaseName_FirstTest_Test::test_info_''(void)" (??__E?test_info_@TestCaseName_FirstTest_Test@@0QAVTestInfo@testing@@A@@YAXXZ)
Test.obj : error LNK2019: ссылка на неразрешенный внешний символ "class testing::TestInfo * __cdecl testing::internal::MakeAndRegisterTestInfo(char const *,char const *,char const *,char const *,struct testing::internal::CodeLocation,void const *,void (__cdecl*)(void),void (__cdecl*)(void),class testing::internal::TestFactoryBase *)" (?MakeAndRegisterTestInfo@internal@testing@@YAPAVTestInfo@2@PBD000UCodeLocation@12@PBXP6AXXZ3PAVTestFactoryBase@12@@Z) в функции "void __cdecl `dynamic initializer for 'private: static class testing::TestInfo * TestCaseName_FirstTest_Test::test_info_''(void)" (??__E?test_info_@TestCaseName_FirstTest_Test@@0QAVTestInfo@testing@@A@@YAXXZ)
Test.obj : error LNK2019: ссылка на неразрешенный внешний символ "class testing::AssertionResult __cdecl testing::AssertionSuccess(void)" (?AssertionSuccess@testing@@YA?AVAssertionResult@1@XZ) в функции "class testing::AssertionResult __cdecl testing::internal::CmpHelperEQ<double,double>(char const *,char const *,double const &,double const &)" (??$CmpHelperEQ@NN@internal@testing@@YA?AVAssertionResult@1@PBD0ABN1@Z)
Test.obj : error LNK2019: ссылка на неразрешенный внешний символ "public: virtual __thiscall testing::Test::~Test(void)" (??1Test@testing@@UAE@XZ) в функции "public: virtual __thiscall TestCaseName_FirstTest_Test::~TestCaseName_FirstTest_Test(void)" (??1TestCaseName_FirstTest_Test@@UAE@XZ)
Test.obj : error LNK2019: ссылка на неразрешенный внешний символ "protected: __thiscall testing::Test::Test(void)" (??0Test@testing@@IAE@XZ) в функции "public: __thiscall TestCaseName_FirstTest_Test::TestCaseName_FirstTest_Test(void)" (??0TestCaseName_FirstTest_Test@@QAE@XZ)
Test.obj : error LNK2001: неразрешенный внешний символ ""protected: virtual void __thiscall testing::Test::SetUp(void)" (?SetUp@Test@testing@@MAEXXZ)"
Test.obj : error LNK2001: неразрешенный внешний символ ""protected: virtual void __thiscall testing::Test::TearDown(void)" (?TearDown@Test@testing@@MAEXXZ)"
Test.obj : error LNK2019: ссылка на неразрешенный внешний символ "public: __thiscall testing::internal::AssertHelper::AssertHelper(enum testing::TestPartResult::Type,char const *,int,char const *)" (??0AssertHelper@internal@testing@@QAE@W4Type@TestPartResult@2@PBDH1@Z) в функции "private: virtual void __thiscall TestCaseName_FirstTest_Test::TestBody(void)" (?TestBody@TestCaseName_FirstTest_Test@@EAEXXZ)
Test.obj : error LNK2019: ссылка на неразрешенный внешний символ "public: __thiscall testing::internal::AssertHelper::~AssertHelper(void)" (??1AssertHelper@internal@testing@@QAE@XZ) в функции "private: virtual void __thiscall TestCaseName_FirstTest_Test::TestBody(void)" (?TestBody@TestCaseName_FirstTest_Test@@EAEXXZ)
Test.obj : error LNK2019: ссылка на неразрешенный внешний символ "public: void __thiscall testing::internal::AssertHelper::operator=(class testing::Message const &)const " (??4AssertHelper@internal@testing@@QBEXABVMessage@2@@Z) в функции "private: virtual void __thiscall TestCaseName_FirstTest_Test::TestBody(void)" (?TestBody@TestCaseName_FirstTest_Test@@EAEXXZ)
C:\Users\Lenovo\Documents\GitHub\cplusplus\pr-09Solution\Debug\pr-09.exe : fatal error LNK1120: неразрешенных внешних элементов: 15
