  Source.cpp
C:\Users\Lenovo\Documents\GitHub\cplusplus\pr-08\pr-08\Header.h(42,1): warning C4812:  устаревший стиль объявления: используйте "Program<T>::Program" как альтернативу
Source.obj : error LNK2019: ссылка на неразрешенный внешний символ "bool __cdecl testing::internal::IsTrue(bool)" (?IsTrue@internal@testing@@YA_N_N@Z) в функции "public: static void (__cdecl*__cdecl testing::internal::SuiteApiResolver<class testing::Test>::GetSetUpCaseOrSuite(char const *,int))(void)" (?GetSetUpCaseOrSuite@?$SuiteApiResolver@VTest@testing@@@internal@testing@@SAP6AXXZPBDH@Z)
Source.obj : error LNK2019: ссылка на неразрешенный внешний символ "public: __thiscall testing::internal::GTestLog::GTestLog(enum testing::internal::GTestLogSeverity,char const *,int)" (??0GTestLog@internal@testing@@QAE@W4GTestLogSeverity@12@PBDH@Z) в функции "public: static void (__cdecl*__cdecl testing::internal::SuiteApiResolver<class testing::Test>::GetSetUpCaseOrSuite(char const *,int))(void)" (?GetSetUpCaseOrSuite@?$SuiteApiResolver@VTest@testing@@@internal@testing@@SAP6AXXZPBDH@Z)
Source.obj : error LNK2019: ссылка на неразрешенный внешний символ "public: __thiscall testing::internal::GTestLog::~GTestLog(void)" (??1GTestLog@internal@testing@@QAE@XZ) в функции "public: static void (__cdecl*__cdecl testing::internal::SuiteApiResolver<class testing::Test>::GetSetUpCaseOrSuite(char const *,int))(void)" (?GetSetUpCaseOrSuite@?$SuiteApiResolver@VTest@testing@@@internal@testing@@SAP6AXXZPBDH@Z)
Source.obj : error LNK2019: ссылка на неразрешенный внешний символ "public: __thiscall testing::Message::Message(void)" (??0Message@testing@@QAE@XZ) в функции "private: virtual void __thiscall RationalNumberTest_DivisionTest_Test::TestBody(void)" (?TestBody@RationalNumberTest_DivisionTest_Test@@EAEXXZ)
Source.obj : error LNK2019: ссылка на неразрешенный внешний символ "class std::basic_string<char,struct std::char_traits<char>,class std::allocator<char> > __cdecl testing::internal::GetBoolAssertionFailureMessage(class testing::AssertionResult const &,char const *,char const *,char const *)" (?GetBoolAssertionFailureMessage@internal@testing@@YA?AV?$basic_string@DU?$char_traits@D@std@@V?$allocator@D@2@@std@@ABVAssertionResult@2@PBD11@Z) в функции "private: virtual void __thiscall RationalNumberTest_DivisionTest_Test::TestBody(void)" (?TestBody@RationalNumberTest_DivisionTest_Test@@EAEXXZ)
Source.obj : error LNK2019: ссылка на неразрешенный внешний символ "void const * __cdecl testing::internal::GetTestTypeId(void)" (?GetTestTypeId@internal@testing@@YAPBXXZ) в функции "void __cdecl `dynamic initializer for 'private: static class testing::TestInfo * RationalNumberTest_DivisionTest_Test::test_info_''(void)" (??__E?test_info_@RationalNumberTest_DivisionTest_Test@@0QAVTestInfo@testing@@A@@YAXXZ)
Source.obj : error LNK2019: ссылка на неразрешенный внешний символ "class testing::TestInfo * __cdecl testing::internal::MakeAndRegisterTestInfo(char const *,char const *,char const *,char const *,struct testing::internal::CodeLocation,void const *,void (__cdecl*)(void),void (__cdecl*)(void),class testing::internal::TestFactoryBase *)" (?MakeAndRegisterTestInfo@internal@testing@@YAPAVTestInfo@2@PBD000UCodeLocation@12@PBXP6AXXZ3PAVTestFactoryBase@12@@Z) в функции "void __cdecl `dynamic initializer for 'private: static class testing::TestInfo * RationalNumberTest_DivisionTest_Test::test_info_''(void)" (??__E?test_info_@RationalNumberTest_DivisionTest_Test@@0QAVTestInfo@testing@@A@@YAXXZ)
Source.obj : error LNK2019: ссылка на неразрешенный внешний символ "public: virtual __thiscall testing::Test::~Test(void)" (??1Test@testing@@UAE@XZ) в функции "public: virtual __thiscall RationalNumberTest_DivisionTest_Test::~RationalNumberTest_DivisionTest_Test(void)" (??1RationalNumberTest_DivisionTest_Test@@UAE@XZ)
Source.obj : error LNK2019: ссылка на неразрешенный внешний символ "protected: __thiscall testing::Test::Test(void)" (??0Test@testing@@IAE@XZ) в функции "public: __thiscall RationalNumberTest_DivisionTest_Test::RationalNumberTest_DivisionTest_Test(void)" (??0RationalNumberTest_DivisionTest_Test@@QAE@XZ)
Source.obj : error LNK2001: неразрешенный внешний символ ""protected: virtual void __thiscall testing::Test::SetUp(void)" (?SetUp@Test@testing@@MAEXXZ)"
Source.obj : error LNK2001: неразрешенный внешний символ ""protected: virtual void __thiscall testing::Test::TearDown(void)" (?TearDown@Test@testing@@MAEXXZ)"
Source.obj : error LNK2019: ссылка на неразрешенный внешний символ "public: static class testing::UnitTest * __cdecl testing::UnitTest::GetInstance(void)" (?GetInstance@UnitTest@testing@@SAPAV12@XZ) в функции "int __cdecl RUN_ALL_TESTS(void)" (?RUN_ALL_TESTS@@YAHXZ)
Source.obj : error LNK2019: ссылка на неразрешенный внешний символ "public: int __thiscall testing::UnitTest::Run(void)" (?Run@UnitTest@testing@@QAEHXZ) в функции "int __cdecl RUN_ALL_TESTS(void)" (?RUN_ALL_TESTS@@YAHXZ)
Source.obj : error LNK2019: ссылка на неразрешенный внешний символ "void __cdecl testing::InitGoogleTest(int *,char * *)" (?InitGoogleTest@testing@@YAXPAHPAPAD@Z) в функции _main
Source.obj : error LNK2019: ссылка на неразрешенный внешний символ "public: __thiscall testing::internal::AssertHelper::AssertHelper(enum testing::TestPartResult::Type,char const *,int,char const *)" (??0AssertHelper@internal@testing@@QAE@W4Type@TestPartResult@2@PBDH1@Z) в функции "private: virtual void __thiscall RationalNumberTest_DivisionTest_Test::TestBody(void)" (?TestBody@RationalNumberTest_DivisionTest_Test@@EAEXXZ)
Source.obj : error LNK2019: ссылка на неразрешенный внешний символ "public: __thiscall testing::internal::AssertHelper::~AssertHelper(void)" (??1AssertHelper@internal@testing@@QAE@XZ) в функции "private: virtual void __thiscall RationalNumberTest_DivisionTest_Test::TestBody(void)" (?TestBody@RationalNumberTest_DivisionTest_Test@@EAEXXZ)
Source.obj : error LNK2019: ссылка на неразрешенный внешний символ "public: void __thiscall testing::internal::AssertHelper::operator=(class testing::Message const &)const " (??4AssertHelper@internal@testing@@QBEXABVMessage@2@@Z) в функции "private: virtual void __thiscall RationalNumberTest_DivisionTest_Test::TestBody(void)" (?TestBody@RationalNumberTest_DivisionTest_Test@@EAEXXZ)
C:\Users\Lenovo\Documents\GitHub\cplusplus\pr-08\Debug\pr-08.exe : fatal error LNK1120: неразрешенных внешних элементов: 17
